<?xml version="1.0" encoding="UTF-8"?>
<testng-results skipped="0" failed="0" total="1" passed="1">
  <reporter-output>
  </reporter-output>
  <suite name="Default suite" duration-ms="12411" started-at="2020-06-12T08:23:35Z" finished-at="2020-06-12T08:23:47Z">
    <groups>
    </groups>
    <test name="Default test" duration-ms="12411" started-at="2020-06-12T08:23:35Z" finished-at="2020-06-12T08:23:47Z">
      <class name="ExtentReportDemo.ExtentReportDemo">
        <test-method status="PASS" signature="config()[pri:0, instance:ExtentReportDemo.ExtentReportDemo@725bef66]" name="config" is-config="true" duration-ms="303" started-at="2020-06-12T16:23:35Z" finished-at="2020-06-12T16:23:35Z">
          <reporter-output>
          </reporter-output>
        </test-method> <!-- config -->
        <test-method status="PASS" signature="intialDemo()[pri:0, instance:ExtentReportDemo.ExtentReportDemo@725bef66]" name="intialDemo" duration-ms="12085" started-at="2020-06-12T16:23:35Z" finished-at="2020-06-12T16:23:47Z">
          <reporter-output>
          </reporter-output>
        </test-method> <!-- intialDemo -->
      </class> <!-- ExtentReportDemo.ExtentReportDemo -->
    </test> <!-- Default test -->
  </suite> <!-- Default suite -->
</testng-results>
